[Module]:/root/work/src/transcode/bin/Debug/transcode
[Type]:Log	[time]:2017-06-28_16-42-02	[Level]:0
[Description]:load module[./profile.so] OK
[Module]:/root/work/src/transcode/bin/Debug/transcode
[Type]:Log	[time]:2017-06-28_16-42-02	[Level]:0
[Description]:load module[./ffmpeg.so] OK
[Module]:/root/work/src/transcode/bin/Debug/transcode
[Type]:Log	[time]:2017-06-28_16-42-02	[Level]:0
[Description]:load module[./stream.so] OK
[Module]:/root/work/src/transcode/bin/Debug/transcode
[Type]:Log	[time]:2017-06-28_16-42-02	[Level]:0
[Description]:load module[./media.so] OK
[Module]:/root/work/src/transcode/bin/Debug/transcode
[Type]:Log	[time]:2017-06-28_16-42-02	[Level]:0
[Description]:load module[./libprofile.so] OK
[Module]:/root/work/src/transcode/bin/Debug/transcode
[Type]:Log	[time]:2017-06-28_16-42-03	[Level]:0
[Description]:load module[./libffmpeg.so] OK
[Module]:/root/work/src/transcode/bin/Debug/transcode
[Type]:Log	[time]:2017-06-28_16-42-03	[Level]:0
[Description]:load module[./libstream.so] OK
[Module]:/root/work/src/transcode/bin/Debug/transcode
[Type]:Log	[time]:2017-06-28_16-42-03	[Level]:0
[Description]:load module[./libmedia.so] OK
[Module]:
[Type]:Log	[time]:2017-06-28_16-42-03	[Level]:0
[Description]:support hardware accelarated!
[Module]:/root/work/src/transcode/bin/Debug/transcode
[Type]:Log	[time]:2017-06-28_16-42-03	[Level]:0
[Description]:load module[./libIntelCodec.so] OK
[Module]:./ffmpeg.so
[Type]:Log	[time]:2017-06-28_16-42-03	[Level]:0
[Description]:url:[rtmp://115.231.103.123/live?vhost=rtmpplay-gs.idol001.com/korea_S01] demux open
[Module]:./media.so
[Type]:Log	[time]:2017-06-28_16-42-11	[Level]:1
[Description]:live transcode speed:0.650000.2 too slow,input:rtmp://115.231.103.123/live?vhost=rtmpplay-gs.idol001.com/korea_S01 expend is 79.980000.2
[Module]:./media.so
[Type]:Log	[time]:2017-06-28_16-42-12	[Level]:1
[Description]:live transcode speed:0.480000.2 too slow,input:rtmp://115.231.103.123/live?vhost=rtmpplay-gs.idol001.com/korea_S01 expend is 99.830000.2
[Module]:./media.so
[Type]:Log	[time]:2017-06-28_16-42-13	[Level]:1
[Description]:live transcode speed:0.450000.2 too slow,input:rtmp://115.231.103.123/live?vhost=rtmpplay-gs.idol001.com/korea_S01 expend is 99.870000.2
[Module]:./media.so
[Type]:Log	[time]:2017-06-28_16-42-15	[Level]:1
[Description]:live transcode speed:0.870000.2 too slow,input:rtmp://115.231.103.123/live?vhost=rtmpplay-gs.idol001.com/korea_S01 expend is 99.750000.2
[Module]:./media.so
[Type]:Log	[time]:2017-06-28_16-42-16	[Level]:1
[Description]:live transcode speed:0.870000.2 too slow,input:rtmp://115.231.103.123/live?vhost=rtmpplay-gs.idol001.com/korea_S01 expend is 99.780000.2
[Module]:./media.so
[Type]:Log	[time]:2017-06-28_16-42-17	[Level]:1
[Description]:live transcode speed:0.870000.2 too slow,input:rtmp://115.231.103.123/live?vhost=rtmpplay-gs.idol001.com/korea_S01 expend is 99.740000.2
[Module]:./media.so
[Type]:Log	[time]:2017-06-28_16-42-19	[Level]:1
[Description]:live transcode speed:0.900000.2 too slow,input:rtmp://115.231.103.123/live?vhost=rtmpplay-gs.idol001.com/korea_S01 expend is 99.830000.2
[Module]:./media.so
[Type]:Log	[time]:2017-06-28_16-42-20	[Level]:1
[Description]:live transcode speed:0.540000.2 too slow,input:rtmp://115.231.103.123/live?vhost=rtmpplay-gs.idol001.com/korea_S01 expend is 99.860000.2
